[01m[K/rob_prog/planner_wksp/src/simple_planner/src/RobotDisplayer.cpp:[m[K In static member function â€˜[01m[Kstatic void RobotDisplayer::displayPath()[m[Kâ€™:
[01m[K/rob_prog/planner_wksp/src/simple_planner/src/RobotDisplayer.cpp:59:44:[m[K [01;31m[Kerror: [m[Kâ€˜[01m[Knav_msgs[m[Kâ€™ was not declared in this scope
   59 |     ros::Publisher path_pub = nh.advertise<[01;31m[Knav_msgs[m[K::Path>("path", 10);
      |                                            [01;31m[K^~~~~~~~[m[K
[01m[K/rob_prog/planner_wksp/src/simple_planner/src/RobotDisplayer.cpp:59:34:[m[K [01;31m[Kerror: [m[Kparse error in template argument list
   59 |     ros::Publisher path_pub = nh.[01;31m[Kadvertise<nav_msgs::Path>[m[K("path", 10);
      |                                  [01;31m[K^~~~~~~~~~~~~~~~~~~~~~~~~[m[K
[01m[K/rob_prog/planner_wksp/src/simple_planner/src/RobotDisplayer.cpp:59:70:[m[K [01;31m[Kerror: [m[Kno matching function for call to â€˜[01m[Kros::NodeHandle::advertise<<expression error> >(const char [5], int)[m[Kâ€™
   59 |     ros::Publisher path_pub = nh.advertise<nav_msgs::Path>("path", 10[01;31m[K)[m[K;
      |                                                                      [01;31m[K^[m[K
In file included from [01m[K/opt/ros/noetic/include/ros/ros.h:45[m[K,
                 from [01m[K/rob_prog/planner_wksp/src/simple_planner/src/RobotDisplayer.h:10[m[K,
                 from [01m[K/rob_prog/planner_wksp/src/simple_planner/src/RobotDisplayer.cpp:5[m[K:
[01m[K/opt/ros/noetic/include/ros/node_handle.h:249:15:[m[K [01;36m[Knote: [m[Kcandidate: â€˜[01m[Ktemplate<class M> ros::Publisher ros::NodeHandle::advertise(const string&, uint32_t, bool)[m[Kâ€™
  249 |     Publisher [01;36m[Kadvertise[m[K(const std::string& topic, uint32_t queue_size, bool latch = false)
      |               [01;36m[K^~~~~~~~~[m[K
[01m[K/opt/ros/noetic/include/ros/node_handle.h:249:15:[m[K [01;36m[Knote: [m[K  template argument deduction/substitution failed:
[01m[K/rob_prog/planner_wksp/src/simple_planner/src/RobotDisplayer.cpp:59:70:[m[K [01;31m[Kerror: [m[Ktemplate argument 1 is invalid
   59 |     ros::Publisher path_pub = nh.advertise<nav_msgs::Path>("path", 10[01;31m[K)[m[K;
      |                                                                      [01;31m[K^[m[K
In file included from [01m[K/opt/ros/noetic/include/ros/ros.h:45[m[K,
                 from [01m[K/rob_prog/planner_wksp/src/simple_planner/src/RobotDisplayer.h:10[m[K,
                 from [01m[K/rob_prog/planner_wksp/src/simple_planner/src/RobotDisplayer.cpp:5[m[K:
[01m[K/opt/ros/noetic/include/ros/node_handle.h:315:13:[m[K [01;36m[Knote: [m[Kcandidate: â€˜[01m[Ktemplate<class M> ros::Publisher ros::NodeHandle::advertise(const string&, uint32_t, const SubscriberStatusCallback&, const SubscriberStatusCallback&, const VoidConstPtr&, bool)[m[Kâ€™
  315 |   Publisher [01;36m[Kadvertise[m[K(const std::string& topic, uint32_t queue_size,
      |             [01;36m[K^~~~~~~~~[m[K
[01m[K/opt/ros/noetic/include/ros/node_handle.h:315:13:[m[K [01;36m[Knote: [m[K  template argument deduction/substitution failed:
[01m[K/rob_prog/planner_wksp/src/simple_planner/src/RobotDisplayer.cpp:59:70:[m[K [01;31m[Kerror: [m[Ktemplate argument 1 is invalid
   59 |     ros::Publisher path_pub = nh.advertise<nav_msgs::Path>("path", 10[01;31m[K)[m[K;
      |                                                                      [01;31m[K^[m[K
[01m[K/rob_prog/planner_wksp/src/simple_planner/src/RobotDisplayer.cpp:62:5:[m[K [01;31m[Kerror: [m[Kâ€˜[01m[Knav_msgs[m[Kâ€™ is not a class, namespace, or enumeration
   62 |     [01;31m[Knav_msgs[m[K::Path path;
      |     [01;31m[K^~~~~~~~[m[K
[01m[K/rob_prog/planner_wksp/src/simple_planner/src/RobotDisplayer.cpp:63:5:[m[K [01;31m[Kerror: [m[Kâ€˜[01m[Kpath[m[Kâ€™ was not declared in this scope
   63 |     [01;31m[Kpath[m[K.header.frame_id = "map";  // Replace with your desired frame ID
      |     [01;31m[K^~~~[m[K
[01m[K/rob_prog/planner_wksp/src/simple_planner/src/RobotDisplayer.cpp:67:24:[m[K [01;31m[Kerror: [m[Kâ€˜[01m[KPoseStamped[m[Kâ€™ is not a member of â€˜[01m[Kgeometry_msgs[m[Kâ€™
   67 |         geometry_msgs::[01;31m[KPoseStamped[m[K pose;
      |                        [01;31m[K^~~~~~~~~~~[m[K
[01m[K/rob_prog/planner_wksp/src/simple_planner/src/RobotDisplayer.cpp:68:9:[m[K [01;31m[Kerror: [m[Kâ€˜[01m[Kpose[m[Kâ€™ was not declared in this scope
   68 |         [01;31m[Kpose[m[K.header.frame_id = "map";  // Replace with your desired frame ID
      |         [01;31m[K^~~~[m[K
make[2]: *** [CMakeFiles/planner_internal.dir/build.make:89: CMakeFiles/planner_internal.dir/src/RobotDisplayer.cpp.o] Error 1
make[1]: *** [CMakeFiles/Makefile2:670: CMakeFiles/planner_internal.dir/all] Error 2
make: *** [Makefile:141: all] Error 2
