[01m[K/rob_prog/planner_wksp/src/simple_planner/src/ImageMap.cpp:[m[K In constructor â€˜[01m[KImageMap::ImageMap()[m[Kâ€™:
[01m[K/rob_prog/planner_wksp/src/simple_planner/src/ImageMap.cpp:11:51:[m[K [01;31m[Kerror: [m[Kâ€˜[01m[Kimage_path[m[Kâ€™ was not declared in this scope
   11 |     Eigen::Vector2d dims = get_image_width_height([01;31m[Kimage_path[m[K);
      |                                                   [01;31m[K^~~~~~~~~~[m[K
[01m[K/rob_prog/planner_wksp/src/simple_planner/src/ImageMap.cpp:11:28:[m[K [01;31m[Kerror: [m[Kâ€˜[01m[Kget_image_width_height[m[Kâ€™ was not declared in this scope
   11 |     Eigen::Vector2d dims = [01;31m[Kget_image_width_height[m[K(image_path);
      |                            [01;31m[K^~~~~~~~~~~~~~~~~~~~~~[m[K
make[2]: *** [CMakeFiles/planner_internal.dir/build.make:63: CMakeFiles/planner_internal.dir/src/ImageMap.cpp.o] Error 1
make[1]: *** [CMakeFiles/Makefile2:670: CMakeFiles/planner_internal.dir/all] Error 2
make: *** [Makefile:141: all] Error 2
