[01m[K/rob_prog/planner_wksp/src/simple_planner/src/RobotDisplayer.cpp:[m[K In static member function â€˜[01m[Kstatic void RobotDisplayer::displayOnMap()[m[Kâ€™:
[01m[K/rob_prog/planner_wksp/src/simple_planner/src/RobotDisplayer.cpp:29:19:[m[K [01;31m[Kerror: [m[Kâ€˜[01m[KinitialPose[m[Kâ€™ was not declared in this scope
   29 |     marker.pose = [01;31m[KinitialPose[m[K;
      |                   [01;31m[K^~~~~~~~~~~[m[K
make[2]: *** [CMakeFiles/planner_internal.dir/build.make:89: CMakeFiles/planner_internal.dir/src/RobotDisplayer.cpp.o] Error 1
make[1]: *** [CMakeFiles/Makefile2:670: CMakeFiles/planner_internal.dir/all] Error 2
make: *** [Makefile:141: all] Error 2
