[35m[1mScanning dependencies of target planner_internal[0m
[ 14%] [32mBuilding CXX object CMakeFiles/planner_internal.dir/src/UniformCostSearch.cpp.o[0m
[01m[K/rob_prog/planner_wksp/src/simple_planner/src/UniformCostSearch.cpp:[m[K In member function â€˜[01m[Kstd::__cxx11::list<Eigen::Matrix<int, 2, 1> > UniformCostSearch::performUniformCostSearch(const Vector2i&, const Vector2i&)[m[Kâ€™:
[01m[K/rob_prog/planner_wksp/src/simple_planner/src/UniformCostSearch.cpp:203:35:[m[K [01;31m[Kerror: [m[Kâ€˜[01m[Ksearch[m[Kâ€™ was not declared in this scope
  203 |     Eigen::MatrixXf distanceMap = [01;31m[Ksearch[m[K.computeDistanceMap(map.grid, 50);
      |                                   [01;31m[K^~~~~~[m[K
[01m[K/rob_prog/planner_wksp/src/simple_planner/src/UniformCostSearch.cpp:203:35:[m[K [01;36m[Knote: [m[Ksuggested alternatives:
In file included from [01m[K/usr/include/c++/9/algorithm:62[m[K,
                 from [01m[K/usr/include/eigen3/Eigen/Core:288[m[K,
                 from [01m[K/usr/include/eigen3/Eigen/Dense:1[m[K,
                 from [01m[K/rob_prog/planner_wksp/src/simple_planner/src/ImageMap.h:12[m[K,
                 from [01m[K/rob_prog/planner_wksp/src/simple_planner/src/UniformCostSearch.h:8[m[K,
                 from [01m[K/rob_prog/planner_wksp/src/simple_planner/src/UniformCostSearch.cpp:5[m[K:
[01m[K/usr/include/c++/9/bits/stl_algo.h:4216:5:[m[K [01;36m[Knote: [m[K  â€˜[01m[Kstd::search[m[Kâ€™
 4216 |     [01;36m[Ksearch[m[K(_ForwardIterator1 __first1, _ForwardIterator1 __last1,
      |     [01;36m[K^~~~~~[m[K
In file included from [01m[K/opt/ros/noetic/include/ros/ros.h:54[m[K,
                 from [01m[K/rob_prog/planner_wksp/src/simple_planner/src/ImageMap.h:14[m[K,
                 from [01m[K/rob_prog/planner_wksp/src/simple_planner/src/UniformCostSearch.h:8[m[K,
                 from [01m[K/rob_prog/planner_wksp/src/simple_planner/src/UniformCostSearch.cpp:5[m[K:
[01m[K/opt/ros/noetic/include/ros/param.h:585:18:[m[K [01;36m[Knote: [m[K  â€˜[01m[Kros::param::search[m[Kâ€™
  585 | ROSCPP_DECL bool [01;36m[Ksearch[m[K(const std::string& key, std::string& result);
      |                  [01;36m[K^~~~~~[m[K
[01m[K/rob_prog/planner_wksp/src/simple_planner/src/UniformCostSearch.cpp:205:20:[m[K [01;31m[Kerror: [m[Kâ€˜[01m[KvoronoiMap[m[Kâ€™ was not declared in this scope
  205 |     int num_rows = [01;31m[KvoronoiMap[m[K->rows();
      |                    [01;31m[K^~~~~~~~~~[m[K
make[2]: *** [CMakeFiles/planner_internal.dir/build.make:102: CMakeFiles/planner_internal.dir/src/UniformCostSearch.cpp.o] Error 1
make[1]: *** [CMakeFiles/Makefile2:670: CMakeFiles/planner_internal.dir/all] Error 2
make: *** [Makefile:141: all] Error 2
