[01m[K/rob_prog/planner_wksp/src/simple_planner/src/RobotPoses.cpp:[m[K In member function â€˜[01m[Kvoid RobotPoses::retrieveInitPose(const ConstPtr&)[m[Kâ€™:
[01m[K/rob_prog/planner_wksp/src/simple_planner/src/RobotPoses.cpp:19:8:[m[K [01;31m[Kerror: [m[Kâ€˜[01m[KinitialPoseReceived[m[Kâ€™ was not declared in this scope; did you mean â€˜[01m[KinitPoseReceived[m[Kâ€™?
   19 |     if([01;31m[KinitialPoseReceived[m[K && goalPoseReceived) {
      |        [01;31m[K^~~~~~~~~~~~~~~~~~~[m[K
      |        [32m[KinitPoseReceived[m[K
[01m[K/rob_prog/planner_wksp/src/simple_planner/src/RobotPoses.cpp:[m[K In member function â€˜[01m[Kvoid RobotPoses::retrieveGoalPose(const ConstPtr&)[m[Kâ€™:
[01m[K/rob_prog/planner_wksp/src/simple_planner/src/RobotPoses.cpp:35:8:[m[K [01;31m[Kerror: [m[Kâ€˜[01m[KinitialPoseReceived[m[Kâ€™ was not declared in this scope; did you mean â€˜[01m[KinitPoseReceived[m[Kâ€™?
   35 |     if([01;31m[KinitialPoseReceived[m[K && goalPoseReceived) {
      |        [01;31m[K^~~~~~~~~~~~~~~~~~~[m[K
      |        [32m[KinitPoseReceived[m[K
make[2]: *** [CMakeFiles/planner_internal.dir/build.make:76: CMakeFiles/planner_internal.dir/src/RobotPoses.cpp.o] Error 1
make[1]: *** [CMakeFiles/Makefile2:670: CMakeFiles/planner_internal.dir/all] Error 2
make: *** [Makefile:141: all] Error 2
