[01m[K/rob_prog/planner_wksp/src/simple_planner/src/RvizHelper.cpp:[m[K In static member function â€˜[01m[Kstatic void RvizHelper::displayPath()[m[Kâ€™:
[01m[K/rob_prog/planner_wksp/src/simple_planner/src/RvizHelper.cpp:110:15:[m[K [01;31m[Kerror: [m[Kâ€˜[01m[Knode[m[Kâ€™ was not declared in this scope
  110 |     pathPub = [01;31m[Knode[m[K.advertise<nav_msgs::Path>("path", 10);
      |               [01;31m[K^~~~[m[K
[01m[K/rob_prog/planner_wksp/src/simple_planner/src/RvizHelper.cpp:110:44:[m[K [01;31m[Kerror: [m[Kexpected primary-expression before â€˜[01m[K>[m[Kâ€™ token
  110 |     pathPub = node.advertise<nav_msgs::Path[01;31m[K>[m[K("path", 10);
      |                                            [01;31m[K^[m[K
make[2]: *** [CMakeFiles/planner_internal.dir/build.make:89: CMakeFiles/planner_internal.dir/src/RvizHelper.cpp.o] Error 1
make[1]: *** [CMakeFiles/Makefile2:670: CMakeFiles/planner_internal.dir/all] Error 2
make: *** [Makefile:141: all] Error 2
