[01m[K/rob_prog/planner_wksp/src/simple_planner/src/ImageMap.cpp:[m[K In function â€˜[01m[Kbool isObstacle(int, int)[m[Kâ€™:
[01m[K/rob_prog/planner_wksp/src/simple_planner/src/ImageMap.cpp:16:12:[m[K [01;31m[Kerror: [m[Kâ€˜[01m[Kgrid[m[Kâ€™ was not declared in this scope
   16 |     return [01;31m[Kgrid[m[K(i,j) == 100;
      |            [01;31m[K^~~~[m[K
make[2]: *** [CMakeFiles/planner_internal.dir/build.make:63: CMakeFiles/planner_internal.dir/src/ImageMap.cpp.o] Error 1
make[1]: *** [CMakeFiles/Makefile2:670: CMakeFiles/planner_internal.dir/all] Error 2
make: *** [Makefile:141: all] Error 2
