[01m[K/rob_prog/planner_wksp/src/simple_planner/src/planner_main.cpp:[m[K In function â€˜[01m[Kint main(int, char**)[m[Kâ€™:
[01m[K/rob_prog/planner_wksp/src/simple_planner/src/planner_main.cpp:28:5:[m[K [01;31m[Kerror: [m[Kâ€˜[01m[KRobotPose[m[Kâ€™ was not declared in this scope; did you mean â€˜[01m[KRobotPoses[m[Kâ€™?
   28 |     [01;31m[KRobotPose[m[K poses;
      |     [01;31m[K^~~~~~~~~[m[K
      |     [32m[KRobotPoses[m[K
[01m[K/rob_prog/planner_wksp/src/simple_planner/src/planner_main.cpp:29:5:[m[K [01;31m[Kerror: [m[Kâ€˜[01m[Kposes[m[Kâ€™ was not declared in this scope
   29 |     [01;31m[Kposes[m[K.getInitialPose();
      |     [01;31m[K^~~~~[m[K
make[2]: *** [CMakeFiles/simple_planner_node.dir/build.make:63: CMakeFiles/simple_planner_node.dir/src/planner_main.cpp.o] Error 1
make[1]: *** [CMakeFiles/Makefile2:508: CMakeFiles/simple_planner_node.dir/all] Error 2
make: *** [Makefile:141: all] Error 2
