[01m[K/rob_prog/planner_wksp/src/simple_planner/src/RobotDisplayer.cpp:[m[K In static member function â€˜[01m[Kstatic void RobotDisplayer::displayOnMap()[m[Kâ€™:
[01m[K/rob_prog/planner_wksp/src/simple_planner/src/RobotDisplayer.cpp:43:5:[m[K [01;31m[Kerror: [m[Kâ€˜[01m[Kcout[m[Kâ€™ was not declared in this scope; did you mean â€˜[01m[Kstd::cout[m[Kâ€™?
   43 |     [01;31m[Kcout[m[K << "so far" << endl;
      |     [01;31m[K^~~~[m[K
      |     [32m[Kstd::cout[m[K
In file included from [01m[K/rob_prog/planner_wksp/src/simple_planner/src/RobotDisplayer.h:8[m[K,
                 from [01m[K/rob_prog/planner_wksp/src/simple_planner/src/RobotDisplayer.cpp:5[m[K:
[01m[K/usr/include/c++/9/iostream:61:18:[m[K [01;36m[Knote: [m[Kâ€˜[01m[Kstd::cout[m[Kâ€™ declared here
   61 |   extern ostream [01;36m[Kcout[m[K;  /// Linked to standard output
      |                  [01;36m[K^~~~[m[K
[01m[K/rob_prog/planner_wksp/src/simple_planner/src/RobotDisplayer.cpp:43:25:[m[K [01;31m[Kerror: [m[Kâ€˜[01m[Kendl[m[Kâ€™ was not declared in this scope; did you mean â€˜[01m[Kstd::endl[m[Kâ€™?
   43 |     cout << "so far" << [01;31m[Kendl[m[K;
      |                         [01;31m[K^~~~[m[K
      |                         [32m[Kstd::endl[m[K
In file included from [01m[K/usr/include/c++/9/iostream:39[m[K,
                 from [01m[K/rob_prog/planner_wksp/src/simple_planner/src/RobotDisplayer.h:8[m[K,
                 from [01m[K/rob_prog/planner_wksp/src/simple_planner/src/RobotDisplayer.cpp:5[m[K:
[01m[K/usr/include/c++/9/ostream:599:5:[m[K [01;36m[Knote: [m[Kâ€˜[01m[Kstd::endl[m[Kâ€™ declared here
  599 |     [01;36m[Kendl[m[K(basic_ostream<_CharT, _Traits>& __os)
      |     [01;36m[K^~~~[m[K
make[2]: *** [CMakeFiles/planner_internal.dir/build.make:89: CMakeFiles/planner_internal.dir/src/RobotDisplayer.cpp.o] Error 1
make[1]: *** [CMakeFiles/Makefile2:670: CMakeFiles/planner_internal.dir/all] Error 2
make: *** [Makefile:141: all] Error 2
