[01m[K/rob_prog/planner_wksp/src/simple_planner/src/planner_main.cpp:[m[K In function â€˜[01m[Kvoid onPosesReceived(geometry_msgs::Pose, geometry_msgs::Pose)[m[Kâ€™:
[01m[K/rob_prog/planner_wksp/src/simple_planner/src/planner_main.cpp:22:33:[m[K [01;31m[Kerror: [m[Kmissing template arguments before â€˜[01m[K)[m[Kâ€™ token
   22 |     UniformCostSearch search(map[01;31m[K)[m[K
      |                                 [01;31m[K^[m[K
[01m[K/rob_prog/planner_wksp/src/simple_planner/src/planner_main.cpp:25:5:[m[K [01;31m[Kerror: [m[Kexpected â€˜[01m[K,[m[Kâ€™ or â€˜[01m[K;[m[Kâ€™ before â€˜[01m[KRvizHelper[m[Kâ€™
   25 |     [01;31m[KRvizHelper[m[K::displayPath();
      |     [01;31m[K^~~~~~~~~~[m[K
[01m[K/rob_prog/planner_wksp/src/simple_planner/src/planner_main.cpp:[m[K In function â€˜[01m[Kint main(int, char**)[m[Kâ€™:
[01m[K/rob_prog/planner_wksp/src/simple_planner/src/planner_main.cpp:45:37:[m[K [01;31m[Kerror: [m[Kâ€˜[01m[KonPosesReceived2[m[Kâ€™ was not declared in this scope; did you mean â€˜[01m[KonPosesReceived[m[Kâ€™?
   45 |     poses.setOnPoseReceivedCallback([01;31m[KonPosesReceived2[m[K(map));
      |                                     [01;31m[K^~~~~~~~~~~~~~~~[m[K
      |                                     [32m[KonPosesReceived[m[K
make[2]: *** [CMakeFiles/simple_planner_node.dir/build.make:63: CMakeFiles/simple_planner_node.dir/src/planner_main.cpp.o] Error 1
make[1]: *** [CMakeFiles/Makefile2:508: CMakeFiles/simple_planner_node.dir/all] Error 2
make: *** [Makefile:141: all] Error 2
