[01m[K/rob_prog/planner_wksp/src/simple_planner/src/UniformCostSearch.cpp:[m[K In function â€˜[01m[KEigen::MatrixXf computeDistanceMap(Eigen::MatrixXi, float)[m[Kâ€™:
[01m[K/rob_prog/planner_wksp/src/simple_planner/src/UniformCostSearch.cpp:82:30:[m[K [01;31m[Kerror: [m[Kâ€˜[01m[KOBSTACLE[m[Kâ€™ was not declared in this scope; did you mean â€˜[01m[KESTALE[m[Kâ€™?
   82 |             if (map(i, j) == [01;31m[KOBSTACLE[m[K) {
      |                              [01;31m[K^~~~~~~~[m[K
      |                              [32m[KESTALE[m[K
make[2]: *** [CMakeFiles/planner_internal.dir/build.make:102: CMakeFiles/planner_internal.dir/src/UniformCostSearch.cpp.o] Error 1
make[1]: *** [CMakeFiles/Makefile2:670: CMakeFiles/planner_internal.dir/all] Error 2
make: *** [Makefile:141: all] Error 2
