[01m[K/rob_prog/planner_wksp/src/simple_planner/src/ImageMap.cpp:15:6:[m[K [01;31m[Kerror: [m[Kno declaration matches â€˜[01m[Kbool ImageMap::isObstacle(int, int)[m[Kâ€™
   15 | bool [01;31m[KImageMap[m[K::isObstacle(int i, int j) {
      |      [01;31m[K^~~~~~~~[m[K
[01m[K/rob_prog/planner_wksp/src/simple_planner/src/ImageMap.cpp:15:6:[m[K [01;36m[Knote: [m[Kno functions named â€˜[01m[Kbool ImageMap::isObstacle(int, int)[m[Kâ€™
In file included from [01m[K/rob_prog/planner_wksp/src/simple_planner/src/ImageMap.cpp:5[m[K:
[01m[K/rob_prog/planner_wksp/src/simple_planner/src/ImageMap.h:18:7:[m[K [01;36m[Knote: [m[Kâ€˜[01m[Kclass ImageMap[m[Kâ€™ defined here
   18 | class [01;36m[KImageMap[m[K {
      |       [01;36m[K^~~~~~~~[m[K
make[2]: *** [CMakeFiles/planner_internal.dir/build.make:63: CMakeFiles/planner_internal.dir/src/ImageMap.cpp.o] Error 1
make[1]: *** [CMakeFiles/Makefile2:670: CMakeFiles/planner_internal.dir/all] Error 2
make: *** [Makefile:141: all] Error 2
