In file included from [01m[K/rob_prog/planner_wksp/src/simple_planner/src/RobotDisplayer.cpp:5[m[K:
[01m[K/rob_prog/planner_wksp/src/simple_planner/src/RobotDisplayer.h:14:5:[m[K [01;31m[Kerror: [m[Kâ€˜[01m[KPose[m[Kâ€™ does not name a type
   14 |     [01;31m[KPose[m[K initialPose;
      |     [01;31m[K^~~~[m[K
[01m[K/rob_prog/planner_wksp/src/simple_planner/src/RobotDisplayer.cpp:[m[K In constructor â€˜[01m[KRobotDisplayer::RobotDisplayer(bool)[m[Kâ€™:
[01m[K/rob_prog/planner_wksp/src/simple_planner/src/RobotDisplayer.cpp:9:11:[m[K [01;31m[Kerror: [m[Kâ€˜[01m[Kclass RobotDisplayer[m[Kâ€™ has no member named â€˜[01m[KinitialPose[m[Kâ€™
    9 |     this->[01;31m[KinitialPose[m[K = initialPose;
      |           [01;31m[K^~~~~~~~~~~[m[K
make[2]: *** [CMakeFiles/planner_internal.dir/build.make:89: CMakeFiles/planner_internal.dir/src/RobotDisplayer.cpp.o] Error 1
make[1]: *** [CMakeFiles/Makefile2:670: CMakeFiles/planner_internal.dir/all] Error 2
make: *** [Makefile:141: all] Error 2
