[01m[K/rob_prog/planner_wksp/src/simple_planner/src/ImageMap.cpp:9:79:[m[K [01;31m[Kerror: [m[Kreturn type â€˜[01m[Kclass std::tuple<unsigned int, unsigned int>[m[Kâ€™ is incomplete
    9 | std::tuple<unsigned int, unsigned int> get_image_width_height(std::string path[01;31m[K)[m[K {
      |                                                                               [01;31m[K^[m[K
[01m[K/rob_prog/planner_wksp/src/simple_planner/src/ImageMap.cpp:[m[K In function â€˜[01m[Kvoid get_image_width_height(std::string)[m[Kâ€™:
[01m[K/rob_prog/planner_wksp/src/simple_planner/src/ImageMap.cpp:19:17:[m[K [01;31m[Kerror: [m[Kâ€˜[01m[Kmake_tuple[m[Kâ€™ is not a member of â€˜[01m[Kstd[m[Kâ€™
   19 |     return std::[01;31m[Kmake_tuple[m[K(width, height);
      |                 [01;31m[K^~~~~~~~~~[m[K
[01m[K/rob_prog/planner_wksp/src/simple_planner/src/ImageMap.cpp:6:1:[m[K [01;36m[Knote: [m[Kâ€˜[01m[Kstd::make_tuple[m[Kâ€™ is defined in header â€˜[01m[K<tuple>[m[Kâ€™; did you forget to â€˜[01m[K#include <tuple>[m[Kâ€™?
    5 | #include "ImageMap.h"
  +++ |+[32m[K#include <tuple>[m[K
    6 | 
make[2]: *** [CMakeFiles/planner_internal.dir/build.make:63: CMakeFiles/planner_internal.dir/src/ImageMap.cpp.o] Error 1
make[1]: *** [CMakeFiles/Makefile2:278: CMakeFiles/planner_internal.dir/all] Error 2
make: *** [Makefile:141: all] Error 2
