[35m[1mScanning dependencies of target planner_internal[0m
[ 14%] [32mBuilding CXX object CMakeFiles/planner_internal.dir/src/RvizHelper.cpp.o[0m
[01m[K/rob_prog/planner_wksp/src/simple_planner/src/RvizHelper.cpp:10:6:[m[K [01;31m[Kerror: [m[Kno declaration matches â€˜[01m[Kvoid RvizHelper::deleteCurrentMarker(ros::Publisher)[m[Kâ€™
   10 | void [01;31m[KRvizHelper[m[K::deleteCurrentMarker(ros::Publisher marker_pub) {
      |      [01;31m[K^~~~~~~~~~[m[K
[01m[K/rob_prog/planner_wksp/src/simple_planner/src/RvizHelper.cpp:10:6:[m[K [01;36m[Knote: [m[Kno functions named â€˜[01m[Kvoid RvizHelper::deleteCurrentMarker(ros::Publisher)[m[Kâ€™
In file included from [01m[K/rob_prog/planner_wksp/src/simple_planner/src/RvizHelper.cpp:5[m[K:
[01m[K/rob_prog/planner_wksp/src/simple_planner/src/RvizHelper.h:17:7:[m[K [01;36m[Knote: [m[Kâ€˜[01m[Kclass RvizHelper[m[Kâ€™ defined here
   17 | class [01;36m[KRvizHelper[m[K {
      |       [01;36m[K^~~~~~~~~~[m[K
[01m[K/rob_prog/planner_wksp/src/simple_planner/src/RvizHelper.cpp:[m[K In static member function â€˜[01m[Kstatic void RvizHelper::displayOnMap(geometry_msgs::Pose, float)[m[Kâ€™:
[01m[K/rob_prog/planner_wksp/src/simple_planner/src/RvizHelper.cpp:27:9:[m[K [01;31m[Kerror: [m[Kâ€˜[01m[KdeleteCurrentMarker[m[Kâ€™ was not declared in this scope
   27 |         [01;31m[KdeleteCurrentMarker[m[K(marker_pub);
      |         [01;31m[K^~~~~~~~~~~~~~~~~~~[m[K
make[2]: *** [CMakeFiles/planner_internal.dir/build.make:89: CMakeFiles/planner_internal.dir/src/RvizHelper.cpp.o] Error 1
make[1]: *** [CMakeFiles/Makefile2:670: CMakeFiles/planner_internal.dir/all] Error 2
make: *** [Makefile:141: all] Error 2
