[01m[K/rob_prog/planner_wksp/src/simple_planner/src/planner_main.cpp:[m[K In function â€˜[01m[Kint main(int, char**)[m[Kâ€™:
[01m[K/rob_prog/planner_wksp/src/simple_planner/src/planner_main.cpp:9:132:[m[K [01;31m[Kerror: [m[Kno matching function for call to â€˜[01m[KImageMap::ImageMap(const char [106])[m[Kâ€™
    9 |     auto map = ImageMap("/Users/salvatore/Desktop/UniversitaÌ€/Development/RobotProgramming/ROS/docker_volume/planner_wksp/img.png"[01;31m[K)[m[K;
      |                                                                                                                                    [01;31m[K^[m[K
In file included from [01m[K/rob_prog/planner_wksp/src/simple_planner/src/planner_main.cpp:2[m[K:
[01m[K/rob_prog/planner_wksp/src/simple_planner/src/ImageMap.h:15:9:[m[K [01;36m[Knote: [m[Kcandidate: â€˜[01m[KImageMap::ImageMap(char**)[m[Kâ€™
   15 |         [01;36m[KImageMap[m[K(char** image_path);
      |         [01;36m[K^~~~~~~~[m[K
[01m[K/rob_prog/planner_wksp/src/simple_planner/src/ImageMap.h:15:25:[m[K [01;36m[Knote: [m[K  no known conversion for argument 1 from â€˜[01m[Kconst char [106][m[Kâ€™ to â€˜[01m[Kchar**[m[Kâ€™
   15 |         ImageMap([01;36m[Kchar** image_path[m[K);
      |                  [01;36m[K~~~~~~~^~~~~~~~~~[m[K
[01m[K/rob_prog/planner_wksp/src/simple_planner/src/ImageMap.h:13:7:[m[K [01;36m[Knote: [m[Kcandidate: â€˜[01m[Kconstexpr ImageMap::ImageMap(const ImageMap&)[m[Kâ€™
   13 | class [01;36m[KImageMap[m[K {
      |       [01;36m[K^~~~~~~~[m[K
[01m[K/rob_prog/planner_wksp/src/simple_planner/src/ImageMap.h:13:7:[m[K [01;36m[Knote: [m[K  no known conversion for argument 1 from â€˜[01m[Kconst char [106][m[Kâ€™ to â€˜[01m[Kconst ImageMap&[m[Kâ€™
make[2]: *** [CMakeFiles/simple_planner_node.dir/build.make:63: CMakeFiles/simple_planner_node.dir/src/planner_main.cpp.o] Error 1
make[1]: *** [CMakeFiles/Makefile2:276: CMakeFiles/simple_planner_node.dir/all] Error 2
make: *** [Makefile:141: all] Error 2
