In file included from [01m[K/rob_prog/planner_wksp/src/simple_planner/src/ImageMap.cpp:5[m[K:
[01m[K/rob_prog/planner_wksp/src/simple_planner/src/ImageMap.h:32:10:[m[K [01;31m[Kerror: [m[Kextra qualification â€˜[01m[KImageMap::[m[Kâ€™ on member â€˜[01m[KsendMapToRviz[m[Kâ€™ [[01;31m[K-fpermissive[m[K]
   32 |     void [01;31m[KImageMap[m[K::sendMapToRviz() const;
      |          [01;31m[K^~~~~~~~[m[K
[01m[K/rob_prog/planner_wksp/src/simple_planner/src/ImageMap.cpp:[m[K In constructor â€˜[01m[KImageMap::ImageMap()[m[Kâ€™:
[01m[K/rob_prog/planner_wksp/src/simple_planner/src/ImageMap.cpp:56:11:[m[K [01;31m[Kerror: [m[Kinvalid operands of types â€˜[01m[K<unresolved overloaded function type>[m[Kâ€™ and â€˜[01m[Kconst char [3][m[Kâ€™ to binary â€˜[01m[Koperator<<[m[Kâ€™
   56 |     [01;31m[Kcount << "r1"[m[K << endl;
      |     [01;31m[K~~~~~~^~~~~~~[m[K
make[2]: *** [CMakeFiles/planner_internal.dir/build.make:63: CMakeFiles/planner_internal.dir/src/ImageMap.cpp.o] Error 1
make[1]: *** [CMakeFiles/Makefile2:670: CMakeFiles/planner_internal.dir/all] Error 2
make: *** [Makefile:141: all] Error 2
