In file included from [01m[K/rob_prog/planner_wksp/src/simple_planner/src/ImageMap.cpp:5[m[K:
[01m[K/rob_prog/planner_wksp/src/simple_planner/src/ImageMap.h:[m[K In member function â€˜[01m[KEigen::Vector2f ImageMap::convertMapToWorld(int, int)[m[Kâ€™:
[01m[K/rob_prog/planner_wksp/src/simple_planner/src/ImageMap.h:62:9:[m[K [01;31m[Kerror: [m[Kexpected â€˜[01m[K,[m[Kâ€™ or â€˜[01m[K;[m[Kâ€™ before â€˜[01m[Kreturn[m[Kâ€™
   62 |         [01;31m[Kreturn[m[K Eigen::Vector2f(worldX, worldY);
      |         [01;31m[K^~~~~~[m[K
[01m[K/rob_prog/planner_wksp/src/simple_planner/src/ImageMap.h:63:5:[m[K [01;35m[Kwarning: [m[Kno return statement in function returning non-void [[01;35m[K-Wreturn-type[m[K]
   63 |     [01;35m[K}[m[K
      |     [01;35m[K^[m[K
In file included from [01m[K/rob_prog/planner_wksp/src/simple_planner/src/UniformCostSearch.h:8[m[K,
                 from [01m[K/rob_prog/planner_wksp/src/simple_planner/src/UniformCostSearch.cpp:5[m[K:
[01m[K/rob_prog/planner_wksp/src/simple_planner/src/ImageMap.h:[m[K In member function â€˜[01m[KEigen::Vector2f ImageMap::convertMapToWorld(int, int)[m[Kâ€™:
[01m[K/rob_prog/planner_wksp/src/simple_planner/src/ImageMap.h:62:9:[m[K [01;31m[Kerror: [m[Kexpected â€˜[01m[K,[m[Kâ€™ or â€˜[01m[K;[m[Kâ€™ before â€˜[01m[Kreturn[m[Kâ€™
   62 |         [01;31m[Kreturn[m[K Eigen::Vector2f(worldX, worldY);
      |         [01;31m[K^~~~~~[m[K
[01m[K/rob_prog/planner_wksp/src/simple_planner/src/ImageMap.h:63:5:[m[K [01;35m[Kwarning: [m[Kno return statement in function returning non-void [[01;35m[K-Wreturn-type[m[K]
   63 |     [01;35m[K}[m[K
      |     [01;35m[K^[m[K
make[2]: *** [CMakeFiles/planner_internal.dir/build.make:63: CMakeFiles/planner_internal.dir/src/ImageMap.cpp.o] Error 1
make[2]: *** Waiting for unfinished jobs....
make[2]: *** [CMakeFiles/planner_internal.dir/build.make:102: CMakeFiles/planner_internal.dir/src/UniformCostSearch.cpp.o] Error 1
make[1]: *** [CMakeFiles/Makefile2:670: CMakeFiles/planner_internal.dir/all] Error 2
make: *** [Makefile:141: all] Error 2
