[01m[K/rob_prog/planner_wksp/src/simple_planner/src/UniformCostSearch.cpp:[m[K In function â€˜[01m[KEigen::MatrixXf computeDistanceMap(Eigen::MatrixXi, float)[m[Kâ€™:
[01m[K/rob_prog/planner_wksp/src/simple_planner/src/UniformCostSearch.cpp:75:10:[m[K [01;31m[Kerror: [m[Kâ€˜[01m[Kqueue[m[Kâ€™ is not a member of â€˜[01m[Kstd[m[Kâ€™
   75 |     std::[01;31m[Kqueue[m[K<DistanceMapCell *> frontier;
      |          [01;31m[K^~~~~[m[K
[01m[K/rob_prog/planner_wksp/src/simple_planner/src/UniformCostSearch.cpp:6:1:[m[K [01;36m[Knote: [m[Kâ€˜[01m[Kstd::queue[m[Kâ€™ is defined in header â€˜[01m[K<queue>[m[Kâ€™; did you forget to â€˜[01m[K#include <queue>[m[Kâ€™?
    5 | #include "UniformCostSearch.h"
  +++ |+[32m[K#include <queue>[m[K
    6 | 
[01m[K/rob_prog/planner_wksp/src/simple_planner/src/UniformCostSearch.cpp:75:32:[m[K [01;31m[Kerror: [m[Kexpected primary-expression before â€˜[01m[K*[m[Kâ€™ token
   75 |     std::queue<DistanceMapCell [01;31m[K*[m[K> frontier;
      |                                [01;31m[K^[m[K
[01m[K/rob_prog/planner_wksp/src/simple_planner/src/UniformCostSearch.cpp:75:33:[m[K [01;31m[Kerror: [m[Kexpected primary-expression before â€˜[01m[K>[m[Kâ€™ token
   75 |     std::queue<DistanceMapCell *[01;31m[K>[m[K frontier;
      |                                 [01;31m[K^[m[K
[01m[K/rob_prog/planner_wksp/src/simple_planner/src/UniformCostSearch.cpp:75:35:[m[K [01;31m[Kerror: [m[Kâ€˜[01m[Kfrontier[m[Kâ€™ was not declared in this scope
   75 |     std::queue<DistanceMapCell *> [01;31m[Kfrontier[m[K;
      |                                   [01;31m[K^~~~~~~~[m[K
[01m[K/rob_prog/planner_wksp/src/simple_planner/src/UniformCostSearch.cpp:82:30:[m[K [01;31m[Kerror: [m[Kâ€˜[01m[KOBSTACLE[m[Kâ€™ was not declared in this scope; did you mean â€˜[01m[KESTALE[m[Kâ€™?
   82 |             if (map(i, j) == [01;31m[KOBSTACLE[m[K) {
      |                              [01;31m[K^~~~~~~~[m[K
      |                              [32m[KESTALE[m[K
make[2]: *** [CMakeFiles/planner_internal.dir/build.make:102: CMakeFiles/planner_internal.dir/src/UniformCostSearch.cpp.o] Error 1
make[1]: *** [CMakeFiles/Makefile2:670: CMakeFiles/planner_internal.dir/all] Error 2
make: *** [Makefile:141: all] Error 2
