[01m[K/rob_prog/planner_wksp/src/simple_planner/src/RvizHelper.cpp:[m[K In static member function â€˜[01m[Kstatic void RvizHelper::displayOnMap(int, geometry_msgs::Pose, float)[m[Kâ€™:
[01m[K/rob_prog/planner_wksp/src/simple_planner/src/RvizHelper.cpp:23:23:[m[K [01;31m[Kerror: [m[Kexpected â€˜[01m[K;[m[Kâ€™ before â€˜[01m[Kpoint1[m[Kâ€™
   23 |         point1.x = 0.0
      |                       [01;31m[K^[m[K
      |                       [32m[K;[m[K
   24 |         [32m[Kpoint1[m[K.y = 0.0
      |         [32m[K~~~~~~[m[K         
make[2]: *** [CMakeFiles/planner_internal.dir/build.make:89: CMakeFiles/planner_internal.dir/src/RvizHelper.cpp.o] Error 1
make[1]: *** [CMakeFiles/Makefile2:670: CMakeFiles/planner_internal.dir/all] Error 2
make: *** [Makefile:141: all] Error 2
